<?xml version="1.0" encoding="UTF-8" ?>
<testsuites>
  <testsuite errors="1" failures="0" hostname="DESKTOP-OVEKDL3" id="0" name="TestDie" package="com.swiggy.MagicalArenaGame.UnitTests" skipped="0" tests="1" time="0.0" timestamp="2024-06-08T18:54:44">
      <properties>
[...]
</properties>

      <error message="com.swiggy.MagicalArenaGame.UnitTests.TestDie" type="java.lang.ClassNotFoundException">java.lang.ClassNotFoundException: com.swiggy.MagicalArenaGame.UnitTests.TestDie
	at java.base/jdk.internal.loader.BuiltinClassLoader.loadClass(BuiltinClassLoader.java:641)
	at java.base/jdk.internal.loader.ClassLoaders$AppClassLoader.loadClass(ClassLoaders.java:188)
	at java.base/java.lang.ClassLoader.loadClass(ClassLoader.java:521)
	at java.base/java.lang.Class.forName0(Native Method)
	at java.base/java.lang.Class.forName(Class.java:495)
	at java.base/java.lang.Class.forName(Class.java:474)
</error>

      <system-out><![CDATA[]]></system-out>

      <system-err><![CDATA[]]></system-err>

  </testsuite>
  <testsuite errors="0" failures="0" hostname="DESKTOP-OVEKDL3" id="1" name="TestDieValidator" package="com.swiggy.MagicalArenaGame.UnitTests" skipped="0" tests="2" time="0.166" timestamp="2024-06-08T18:54:25">
      <properties>
[...]
</properties>

      <testcase classname="com.swiggy.MagicalArenaGame.UnitTests.TestDieValidator" name="testDieNegativeMaxRangeThrowsException" time="0.007" />

      <testcase classname="com.swiggy.MagicalArenaGame.UnitTests.TestDieValidator" name="testDieNegativeMinRangeThrowsException" time="0.001" />

      <system-out><![CDATA[]]></system-out>

      <system-err><![CDATA[]]></system-err>

  </testsuite>
  <testsuite errors="0" failures="0" hostname="DESKTOP-OVEKDL3" id="2" name="TestMagicalArena" package="com.swiggy.MagicalArenaGame.UnitTests" skipped="0" tests="4" time="0.173" timestamp="2024-06-08T18:54:34">
      <properties>
[...]
</properties>

      <testcase classname="com.swiggy.MagicalArenaGame.UnitTests.TestMagicalArena" name="testMultipleStartGame" time="0.018" />

      <testcase classname="com.swiggy.MagicalArenaGame.UnitTests.TestMagicalArena" name="testSingleStartGame" time="0.001" />

      <testcase classname="com.swiggy.MagicalArenaGame.UnitTests.TestMagicalArena" name="testShowGameResultsThrowsExceptionWithoutStartingNewGame" time="0.001" />

      <testcase classname="com.swiggy.MagicalArenaGame.UnitTests.TestMagicalArena" name="testShowGameResultsWorksAfterStartingNewGame" time="0.002" />

      <system-out><![CDATA[
	   <<< Game Started >>>

--------- Player 1 starts the game ---------

Player 1 Health: 50 | Player 2 Health: 80
Player 1 Attack: 40 | Player 2 Defence: 20
--------------------------------------------
Player 2 Health: 60 | Player 1 Health: 50
Player 2 Attack: 10 | Player 1 Defence: 10
--------------------------------------------
Player 1 Health: 50 | Player 2 Health: 60
Player 1 Attack: 20 | Player 2 Defence: 10
--------------------------------------------
Player 2 Health: 50 | Player 1 Health: 50
Player 2 Attack: 30 | Player 1 Defence: 5
--------------------------------------------
Player 1 Health: 25 | Player 2 Health: 50
Player 1 Attack: 40 | Player 2 Defence: 10
--------------------------------------------
Player 2 Health: 20 | Player 1 Health: 25
Player 2 Attack: 30 | Player 1 Defence: 25
--------------------------------------------
Player 1 Health: 20 | Player 2 Health: 20
Player 1 Attack: 10 | Player 2 Defence: 40
--------------------------------------------
Player 2 Health: 20 | Player 1 Health: 20
Player 2 Attack: 25 | Player 1 Defence: 15
--------------------------------------------
Player 1 Health: 10 | Player 2 Health: 20
Player 1 Attack: 60 | Player 2 Defence: 50
--------------------------------------------
Player 2 Health: 10 | Player 1 Health: 10
Player 2 Attack: 15 | Player 1 Defence: 5
--------------------------------------------
Player 1 Health: 0 | Player 2 Health: 10
--------------------------------------------

	   <<< Game Ended >>>


	   <<< Game Started >>>

--------- Player 1 starts the game ---------

Player 1 Health: 50 | Player 2 Health: 80
Player 1 Attack: 50 | Player 2 Defence: 50
--------------------------------------------
Player 2 Health: 80 | Player 1 Health: 50
Player 2 Attack: 20 | Player 1 Defence: 5
--------------------------------------------
Player 1 Health: 35 | Player 2 Health: 80
Player 1 Attack: 20 | Player 2 Defence: 40
--------------------------------------------
Player 2 Health: 80 | Player 1 Health: 35
Player 2 Attack: 15 | Player 1 Defence: 15
--------------------------------------------
Player 1 Health: 35 | Player 2 Health: 80
Player 1 Attack: 60 | Player 2 Defence: 60
--------------------------------------------
Player 2 Health: 80 | Player 1 Health: 35
Player 2 Attack: 25 | Player 1 Defence: 5
--------------------------------------------
Player 1 Health: 15 | Player 2 Health: 80
Player 1 Attack: 60 | Player 2 Defence: 50
--------------------------------------------
Player 2 Health: 70 | Player 1 Health: 15
Player 2 Attack: 5 | Player 1 Defence: 30
--------------------------------------------
Player 1 Health: 15 | Player 2 Health: 70
Player 1 Attack: 10 | Player 2 Defence: 20
--------------------------------------------
Player 2 Health: 70 | Player 1 Health: 15
Player 2 Attack: 5 | Player 1 Defence: 25
--------------------------------------------
Player 1 Health: 15 | Player 2 Health: 70
Player 1 Attack: 60 | Player 2 Defence: 20
--------------------------------------------
Player 2 Health: 30 | Player 1 Health: 15
Player 2 Attack: 5 | Player 1 Defence: 30
--------------------------------------------
Player 1 Health: 15 | Player 2 Health: 30
Player 1 Attack: 50 | Player 2 Defence: 60
--------------------------------------------
Player 2 Health: 30 | Player 1 Health: 15
Player 2 Attack: 25 | Player 1 Defence: 30
--------------------------------------------
Player 1 Health: 15 | Player 2 Health: 30
Player 1 Attack: 50 | Player 2 Defence: 10
--------------------------------------------
Player 2 Health: 0 | Player 1 Health: 15
--------------------------------------------

	   <<< Game Ended >>>


	   <<< Game Started >>>

--------- Player 1 starts the game ---------

Player 1 Health: 50 | Player 2 Health: 80
Player 1 Attack: 10 | Player 2 Defence: 60
--------------------------------------------
Player 2 Health: 80 | Player 1 Health: 50
Player 2 Attack: 30 | Player 1 Defence: 10
--------------------------------------------
Player 1 Health: 30 | Player 2 Health: 80
Player 1 Attack: 50 | Player 2 Defence: 60
--------------------------------------------
Player 2 Health: 80 | Player 1 Health: 30
Player 2 Attack: 25 | Player 1 Defence: 5
--------------------------------------------
Player 1 Health: 10 | Player 2 Health: 80
Player 1 Attack: 40 | Player 2 Defence: 60
--------------------------------------------
Player 2 Health: 80 | Player 1 Health: 10
Player 2 Attack: 20 | Player 1 Defence: 10
--------------------------------------------
Player 1 Health: 0 | Player 2 Health: 80
--------------------------------------------

	   <<< Game Ended >>>

------------- Please start the Game !! ----------------

	   <<< Game Started >>>

--------- Player 1 starts the game ---------

Player 1 Health: 50 | Player 2 Health: 80
Player 1 Attack: 30 | Player 2 Defence: 20
--------------------------------------------
Player 2 Health: 70 | Player 1 Health: 50
Player 2 Attack: 10 | Player 1 Defence: 20
--------------------------------------------
Player 1 Health: 50 | Player 2 Health: 70
Player 1 Attack: 60 | Player 2 Defence: 10
--------------------------------------------
Player 2 Health: 20 | Player 1 Health: 50
Player 2 Attack: 30 | Player 1 Defence: 10
--------------------------------------------
Player 1 Health: 30 | Player 2 Health: 20
Player 1 Attack: 10 | Player 2 Defence: 20
--------------------------------------------
Player 2 Health: 20 | Player 1 Health: 30
Player 2 Attack: 10 | Player 1 Defence: 10
--------------------------------------------
Player 1 Health: 30 | Player 2 Health: 20
Player 1 Attack: 60 | Player 2 Defence: 60
--------------------------------------------
Player 2 Health: 20 | Player 1 Health: 30
Player 2 Attack: 5 | Player 1 Defence: 25
--------------------------------------------
Player 1 Health: 30 | Player 2 Health: 20
Player 1 Attack: 20 | Player 2 Defence: 60
--------------------------------------------
Player 2 Health: 20 | Player 1 Health: 30
Player 2 Attack: 10 | Player 1 Defence: 15
--------------------------------------------
Player 1 Health: 30 | Player 2 Health: 20
Player 1 Attack: 50 | Player 2 Defence: 40
--------------------------------------------
Player 2 Health: 10 | Player 1 Health: 30
Player 2 Attack: 20 | Player 1 Defence: 25
--------------------------------------------
Player 1 Health: 30 | Player 2 Health: 10
Player 1 Attack: 30 | Player 2 Defence: 60
--------------------------------------------
Player 2 Health: 10 | Player 1 Health: 30
Player 2 Attack: 30 | Player 1 Defence: 25
--------------------------------------------
Player 1 Health: 25 | Player 2 Health: 10
Player 1 Attack: 50 | Player 2 Defence: 10
--------------------------------------------
Player 2 Health: 0 | Player 1 Health: 25
--------------------------------------------

	   <<< Game Ended >>>

------------- Player 1 Wins ----------------
]]></system-out>

      <system-err><![CDATA[]]></system-err>

  </testsuite>
  <testsuite errors="0" failures="0" hostname="DESKTOP-OVEKDL3" id="3" name="TestPlayer" package="com.swiggy.MagicalArenaGame.UnitTests" skipped="0" tests="7" time="0.176" timestamp="2024-06-08T18:54:36">
      <properties>
[...]
</properties>

      <testcase classname="com.swiggy.MagicalArenaGame.UnitTests.TestPlayer" name="testPlayerHealthDecreasesWithDamage" time="0.011" />

      <testcase classname="com.swiggy.MagicalArenaGame.UnitTests.TestPlayer" name="testValidPlayerIsCreated" time="0.0" />

      <testcase classname="com.swiggy.MagicalArenaGame.UnitTests.TestPlayer" name="testPlayerIsAliveAfterPartialDamage" time="0.0" />

      <testcase classname="com.swiggy.MagicalArenaGame.UnitTests.TestPlayer" name="testPlayerHealthResets" time="0.001" />

      <testcase classname="com.swiggy.MagicalArenaGame.UnitTests.TestPlayer" name="testPlayerAttack" time="0.001" />

      <testcase classname="com.swiggy.MagicalArenaGame.UnitTests.TestPlayer" name="testPlayerDefend" time="0.001" />

      <testcase classname="com.swiggy.MagicalArenaGame.UnitTests.TestPlayer" name="testPlayerIsDeadAfterFullDamage" time="0.001" />

      <system-out><![CDATA[]]></system-out>

      <system-err><![CDATA[]]></system-err>

  </testsuite>
  <testsuite errors="0" failures="0" hostname="DESKTOP-OVEKDL3" id="4" name="TestPlayerValidator" package="com.swiggy.MagicalArenaGame.UnitTests" skipped="0" tests="3" time="0.165" timestamp="2024-06-08T18:54:27">
      <properties>
[...]
</properties>

      <testcase classname="com.swiggy.MagicalArenaGame.UnitTests.TestPlayerValidator" name="testNegativePlayerHealthThrowsException" time="0.011" />

      <testcase classname="com.swiggy.MagicalArenaGame.UnitTests.TestPlayerValidator" name="testNegativePlayerStrengthThrowsException" time="0.0" />

      <testcase classname="com.swiggy.MagicalArenaGame.UnitTests.TestPlayerValidator" name="testNegativePlayerAttackThrowsException" time="0.0" />

      <system-out><![CDATA[]]></system-out>

      <system-err><![CDATA[]]></system-err>

  </testsuite>
  <testsuite errors="1" failures="0" hostname="DESKTOP-OVEKDL3" id="5" name="TestPlayingStrategy" package="com.swiggy.MagicalArenaGame.UnitTests" skipped="0" tests="1" time="0.0" timestamp="2024-06-08T18:54:40">
      <properties>
[...]
</properties>

      <error message="com.swiggy.MagicalArenaGame.UnitTests.TestPlayingStrategy" type="java.lang.ClassNotFoundException">java.lang.ClassNotFoundException: com.swiggy.MagicalArenaGame.UnitTests.TestPlayingStrategy
	at java.base/jdk.internal.loader.BuiltinClassLoader.loadClass(BuiltinClassLoader.java:641)
	at java.base/jdk.internal.loader.ClassLoaders$AppClassLoader.loadClass(ClassLoaders.java:188)
	at java.base/java.lang.ClassLoader.loadClass(ClassLoader.java:521)
	at java.base/java.lang.Class.forName0(Native Method)
	at java.base/java.lang.Class.forName(Class.java:495)
	at java.base/java.lang.Class.forName(Class.java:474)
</error>

      <system-out><![CDATA[]]></system-out>

      <system-err><![CDATA[]]></system-err>

  </testsuite>
  <testsuite errors="1" failures="0" hostname="DESKTOP-OVEKDL3" id="6" name="TestUtility" package="com.swiggy.MagicalArenaGame.UnitTests" skipped="0" tests="1" time="0.0" timestamp="2024-06-08T18:54:42">
      <properties>
[...]
</properties>

      <error message="com.swiggy.MagicalArenaGame.UnitTests.TestUtility" type="java.lang.ClassNotFoundException">java.lang.ClassNotFoundException: com.swiggy.MagicalArenaGame.UnitTests.TestUtility
	at java.base/jdk.internal.loader.BuiltinClassLoader.loadClass(BuiltinClassLoader.java:641)
	at java.base/jdk.internal.loader.ClassLoaders$AppClassLoader.loadClass(ClassLoaders.java:188)
	at java.base/java.lang.ClassLoader.loadClass(ClassLoader.java:521)
	at java.base/java.lang.Class.forName0(Native Method)
	at java.base/java.lang.Class.forName(Class.java:495)
	at java.base/java.lang.Class.forName(Class.java:474)
</error>

      <system-out><![CDATA[]]></system-out>

      <system-err><![CDATA[]]></system-err>

  </testsuite>
  <testsuite errors="1" failures="0" hostname="DESKTOP-OVEKDL3" id="7" name="TestWinningStrategy" package="com.swiggy.MagicalArenaGame.UnitTests" skipped="0" tests="1" time="0.0" timestamp="2024-06-08T18:54:43">
      <properties>
[...]
</properties>

      <error message="com.swiggy.MagicalArenaGame.UnitTests.TestWinningStrategy" type="java.lang.ClassNotFoundException">java.lang.ClassNotFoundException: com.swiggy.MagicalArenaGame.UnitTests.TestWinningStrategy
	at java.base/jdk.internal.loader.BuiltinClassLoader.loadClass(BuiltinClassLoader.java:641)
	at java.base/jdk.internal.loader.ClassLoaders$AppClassLoader.loadClass(ClassLoaders.java:188)
	at java.base/java.lang.ClassLoader.loadClass(ClassLoader.java:521)
	at java.base/java.lang.Class.forName0(Native Method)
	at java.base/java.lang.Class.forName(Class.java:495)
	at java.base/java.lang.Class.forName(Class.java:474)
</error>

      <system-out><![CDATA[]]></system-out>

      <system-err><![CDATA[]]></system-err>

  </testsuite>
</testsuites>
