<?xml version="1.0" encoding="UTF-8"?>
<testsuite xmlns:xsi="http://www.w3.org/2001/XMLSchema-instance" xsi:noNamespaceSchemaLocation="https://maven.apache.org/surefire/maven-surefire-plugin/xsd/surefire-test-report.xsd" name="com.swiggy.MagicalArenaGame.UnitTests.TestPlayer" time="0.001" tests="7" errors="0" skipped="0" failures="0">
  <properties>
[...]
</properties>
  <testcase name="testPlayerHealthDecreasesWithDamage" classname="com.swiggy.MagicalArenaGame.UnitTests.TestPlayer" time="0"/>
  <testcase name="testValidPlayerIsCreated" classname="com.swiggy.MagicalArenaGame.UnitTests.TestPlayer" time="0"/>
  <testcase name="testPlayerIsAliveAfterPartialDamage" classname="com.swiggy.MagicalArenaGame.UnitTests.TestPlayer" time="0"/>
  <testcase name="testPlayerHealthResets" classname="com.swiggy.MagicalArenaGame.UnitTests.TestPlayer" time="0"/>
  <testcase name="testPlayerAttack" classname="com.swiggy.MagicalArenaGame.UnitTests.TestPlayer" time="0"/>
  <testcase name="testPlayerDefend" classname="com.swiggy.MagicalArenaGame.UnitTests.TestPlayer" time="0"/>
  <testcase name="testPlayerIsDeadAfterFullDamage" classname="com.swiggy.MagicalArenaGame.UnitTests.TestPlayer" time="0"/>
</testsuite>